# JRE version: Java(TM) SE Runtime Environment (8.0_77-b03) (build 1.8.0_77-b03)
# Java VM: Java HotSpot(TM) 64-Bit Server VM (25.77-b03 mixed mode windows-amd64 compressed oops)
Heap:
 PSYoungGen      total 393728K, used 299001K [0x00000000d5d80000, 0x00000000fc200000, 0x0000000100000000)
  eden space 167424K, 80% used [0x00000000d5d80000,0x00000000de06c958,0x00000000e0100000)
  from space 226304K, 72% used [0x00000000ee500000,0x00000000f8611de0,0x00000000fc200000)
  to   space 229888K, 0% used [0x00000000e0100000,0x00000000e0100000,0x00000000ee180000)
 ParOldGen       total 757248K, used 493758K [0x0000000081800000, 0x00000000afb80000, 0x00000000d5d80000)
  object space 757248K, 65% used [0x0000000081800000,0x000000009fa2f808,0x00000000afb80000)
 Metaspace       used 7734K, capacity 7987K, committed 8320K, reserved 1056768K
  class space    used 762K, capacity 815K, committed 896K, reserved 1048576K
GC Heap History (10 events):
Event: 11.374 GC heap before
{Heap before GC invocations=14 (full 3):
 PSYoungGen      total 280064K, used 252040K [0x00000000d5d80000, 0x00000000f2d80000, 0x0000000100000000)
  eden space 121344K, 100% used [0x00000000d5d80000,0x00000000dd400000,0x00000000dd400000)
  from space 158720K, 82% used [0x00000000e7c00000,0x00000000efba20d8,0x00000000f1700000)
  to   space 172032K, 0% used [0x00000000dd400000,0x00000000dd400000,0x00000000e7c00000)
 ParOldGen       total 501248K, used 302021K [0x0000000081800000, 0x00000000a0180000, 0x00000000d5d80000)
  object space 501248K, 60% used [0x0000000081800000,0x0000000093ef1710,0x00000000a0180000)
 Metaspace       used 4922K, capacity 5552K, committed 5760K, reserved 1056768K
  class space    used 531K, capacity 579K, committed 640K, reserved 1048576K
Event: 11.676 GC heap after
Heap after GC invocations=14 (full 3):
 PSYoungGen      total 293376K, used 172000K [0x00000000d5d80000, 0x00000000fad80000, 0x0000000100000000)
  eden space 121344K, 0% used [0x00000000d5d80000,0x00000000d5d80000,0x00000000dd400000)
  from space 172032K, 99% used [0x00000000dd400000,0x00000000e7bf8070,0x00000000e7c00000)
  to   space 229888K, 0% used [0x00000000ecd00000,0x00000000ecd00000,0x00000000fad80000)
 ParOldGen       total 501248K, used 392492K [0x0000000081800000, 0x00000000a0180000, 0x00000000d5d80000)
  object space 501248K, 78% used [0x0000000081800000,0x000000009974b258,0x00000000a0180000)
 Metaspace       used 4922K, capacity 5552K, committed 5760K, reserved 1056768K
  class space    used 531K, capacity 579K, committed 640K, reserved 1048576K
}
Event: 12.906 GC heap before
{Heap before GC invocations=15 (full 3):
 PSYoungGen      total 293376K, used 293344K [0x00000000d5d80000, 0x00000000fad80000, 0x0000000100000000)
  eden space 121344K, 100% used [0x00000000d5d80000,0x00000000dd400000,0x00000000dd400000)
  from space 172032K, 99% used [0x00000000dd400000,0x00000000e7bf8070,0x00000000e7c00000)
  to   space 229888K, 0% used [0x00000000ecd00000,0x00000000ecd00000,0x00000000fad80000)
 ParOldGen       total 501248K, used 392492K [0x0000000081800000, 0x00000000a0180000, 0x00000000d5d80000)
  object space 501248K, 78% used [0x0000000081800000,0x000000009974b258,0x00000000a0180000)
 Metaspace       used 4991K, capacity 5552K, committed 5760K, reserved 1056768K
  class space    used 540K, capacity 579K, committed 640K, reserved 1048576K
Event: 13.244 GC heap after
Heap after GC invocations=15 (full 3):
 PSYoungGen      total 375808K, used 229856K [0x00000000d5d80000, 0x00000000fad80000, 0x0000000100000000)
  eden space 145920K, 0% used [0x00000000d5d80000,0x00000000d5d80000,0x00000000dec00000)
  from space 229888K, 99% used [0x00000000ecd00000,0x00000000fad780b0,0x00000000fad80000)
  to   space 229888K, 0% used [0x00000000dec80000,0x00000000dec80000,0x00000000ecd00000)
 ParOldGen       total 501248K, used 426732K [0x0000000081800000, 0x00000000a0180000, 0x00000000d5d80000)
  object space 501248K, 85% used [0x0000000081800000,0x000000009b8bb258,0x00000000a0180000)
 Metaspace       used 4991K, capacity 5552K, committed 5760K, reserved 1056768K
  class space    used 540K, capacity 579K, committed 640K, reserved 1048576K
}
Event: 13.244 GC heap before
{Heap before GC invocations=16 (full 4):
 PSYoungGen      total 375808K, used 229856K [0x00000000d5d80000, 0x00000000fad80000, 0x0000000100000000)
  eden space 145920K, 0% used [0x00000000d5d80000,0x00000000d5d80000,0x00000000dec00000)
  from space 229888K, 99% used [0x00000000ecd00000,0x00000000fad780b0,0x00000000fad80000)
  to   space 229888K, 0% used [0x00000000dec80000,0x00000000dec80000,0x00000000ecd00000)
 ParOldGen       total 501248K, used 426732K [0x0000000081800000, 0x00000000a0180000, 0x00000000d5d80000)
  object space 501248K, 85% used [0x0000000081800000,0x000000009b8bb258,0x00000000a0180000)
 Metaspace       used 4991K, capacity 5552K, committed 5760K, reserved 1056768K
  class space    used 540K, capacity 579K, committed 640K, reserved 1048576K
Event: 17.646 GC heap after
Heap after GC invocations=16 (full 4):
 PSYoungGen      total 375808K, used 0K [0x00000000d5d80000, 0x00000000fad80000, 0x0000000100000000)
  eden space 145920K, 0% used [0x00000000d5d80000,0x00000000d5d80000,0x00000000dec00000)
  from space 229888K, 0% used [0x00000000ecd00000,0x00000000ecd00000,0x00000000fad80000)
  to   space 229888K, 0% used [0x00000000dec80000,0x00000000dec80000,0x00000000ecd00000)
 ParOldGen       total 757248K, used 493750K [0x0000000081800000, 0x00000000afb80000, 0x00000000d5d80000)
  object space 757248K, 65% used [0x0000000081800000,0x000000009fa2d808,0x00000000afb80000)
 Metaspace       used 4991K, capacity 5552K, committed 5760K, reserved 1056768K
  class space    used 540K, capacity 579K, committed 640K, reserved 1048576K
}
Event: 19.536 GC heap before
{Heap before GC invocations=17 (full 4):
 PSYoungGen      total 375808K, used 145920K [0x00000000d5d80000, 0x00000000fad80000, 0x0000000100000000)
  eden space 145920K, 100% used [0x00000000d5d80000,0x00000000dec00000,0x00000000dec00000)
  from space 229888K, 0% used [0x00000000ecd00000,0x00000000ecd00000,0x00000000fad80000)
  to   space 229888K, 0% used [0x00000000dec80000,0x00000000dec80000,0x00000000ecd00000)
 ParOldGen       total 757248K, used 493750K [0x0000000081800000, 0x00000000afb80000, 0x00000000d5d80000)
  object space 757248K, 65% used [0x0000000081800000,0x000000009fa2d808,0x00000000afb80000)
 Metaspace       used 4995K, capacity 5558K, committed 5760K, reserved 1056768K
  class space    used 541K, capacity 580K, committed 640K, reserved 1048576K
Event: 19.629 GC heap after
Heap after GC invocations=17 (full 4):
 PSYoungGen      total 376320K, used 73605K [0x00000000d5d80000, 0x00000000fc580000, 0x0000000100000000)
  eden space 146432K, 0% used [0x00000000d5d80000,0x00000000d5d80000,0x00000000dec80000)
  from space 229888K, 32% used [0x00000000dec80000,0x00000000e34614b0,0x00000000ecd00000)
  to   space 229888K, 0% used [0x00000000ee500000,0x00000000ee500000,0x00000000fc580000)
 ParOldGen       total 757248K, used 493750K [0x0000000081800000, 0x00000000afb80000, 0x00000000d5d80000)
  object space 757248K, 65% used [0x0000000081800000,0x000000009fa2d808,0x00000000afb80000)
 Metaspace       used 4995K, capacity 5558K, committed 5760K, reserved 1056768K
  class space    used 541K, capacity 580K, committed 640K, reserved 1048576K
}
Event: 24.899 GC heap before
{Heap before GC invocations=18 (full 4):
 PSYoungGen      total 376320K, used 220037K [0x00000000d5d80000, 0x00000000fc580000, 0x0000000100000000)
  eden space 146432K, 100% used [0x00000000d5d80000,0x00000000dec80000,0x00000000dec80000)
  from space 229888K, 32% used [0x00000000dec80000,0x00000000e34614b0,0x00000000ecd00000)
  to   space 229888K, 0% used [0x00000000ee500000,0x00000000ee500000,0x00000000fc580000)
 ParOldGen       total 757248K, used 493750K [0x0000000081800000, 0x00000000afb80000, 0x00000000d5d80000)
  object space 757248K, 65% used [0x0000000081800000,0x000000009fa2d808,0x00000000afb80000)
 Metaspace       used 6816K, capacity 7036K, committed 7168K, reserved 1056768K
  class space    used 694K, capacity 717K, committed 768K, reserved 1048576K
Event: 25.039 GC heap after
Heap after GC invocations=18 (full 4):
 PSYoungGen      total 393728K, used 164935K [0x00000000d5d80000, 0x00000000fc200000, 0x0000000100000000)
  eden space 167424K, 0% used [0x00000000d5d80000,0x00000000d5d80000,0x00000000e0100000)
  from space 226304K, 72% used [0x00000000ee500000,0x00000000f8611de0,0x00000000fc200000)
  to   space 229888K, 0% used [0x00000000e0100000,0x00000000e0100000,0x00000000ee180000)
 ParOldGen       total 757248K, used 493758K [0x0000000081800000, 0x00000000afb80000, 0x00000000d5d80000)
  object space 757248K, 65% used [0x0000000081800000,0x000000009fa2f808,0x00000000afb80000)
 Metaspace       used 6816K, capacity 7036K, committed 7168K, reserved 1056768K
  class space    used 694K, capacity 717K, committed 768K, reserved 1048576K
}

