# JRE version: Java(TM) SE Runtime Environment (8.0_77-b03) (build 1.8.0_77-b03)
# Java VM: Java HotSpot(TM) 64-Bit Server VM (25.77-b03 mixed mode windows-amd64 compressed oops)
Heap:
 PSYoungGen      total 440832K, used 56040K [0x00000000d5d80000, 0x00000000fee00000, 0x0000000100000000)
  eden space 212480K, 25% used [0x00000000d5d80000,0x00000000d9356398,0x00000000e2d00000)
  from space 228352K, 0% used [0x00000000f0f00000,0x00000000f0fe4010,0x00000000fee00000)
  to   space 229888K, 0% used [0x00000000e2d00000,0x00000000e2d00000,0x00000000f0d80000)
 ParOldGen       total 965632K, used 631486K [0x0000000081800000, 0x00000000bc700000, 0x00000000d5d80000)
  object space 965632K, 65% used [0x0000000081800000,0x00000000a80afb40,0x00000000bc700000)
 Metaspace       used 8459K, capacity 8659K, committed 8960K, reserved 1056768K
  class space    used 859K, capacity 911K, committed 1024K, reserved 1048576K
GC Heap History (10 events):
Event: 15.609 GC heap before
{Heap before GC invocations=17 (full 4):
 PSYoungGen      total 369664K, used 364845K [0x00000000d5d80000, 0x00000000fb680000, 0x0000000100000000)
  eden space 144896K, 100% used [0x00000000d5d80000,0x00000000deb00000,0x00000000deb00000)
  from space 224768K, 97% used [0x00000000ecb80000,0x00000000fa24b538,0x00000000fa700000)
  to   space 229888K, 0% used [0x00000000deb00000,0x00000000deb00000,0x00000000ecb80000)
 ParOldGen       total 684032K, used 426090K [0x0000000081800000, 0x00000000ab400000, 0x00000000d5d80000)
  object space 684032K, 62% used [0x0000000081800000,0x000000009b81a9f8,0x00000000ab400000)
 Metaspace       used 5935K, capacity 6158K, committed 6400K, reserved 1056768K
  class space    used 660K, capacity 711K, committed 768K, reserved 1048576K
Event: 15.955 GC heap after
Heap after GC invocations=17 (full 4):
 PSYoungGen      total 374784K, used 229874K [0x00000000d5d80000, 0x00000000fcd80000, 0x0000000100000000)
  eden space 144896K, 0% used [0x00000000d5d80000,0x00000000d5d80000,0x00000000deb00000)
  from space 229888K, 99% used [0x00000000deb00000,0x00000000ecb7c988,0x00000000ecb80000)
  to   space 229888K, 0% used [0x00000000eed00000,0x00000000eed00000,0x00000000fcd80000)
 ParOldGen       total 684032K, used 510978K [0x0000000081800000, 0x00000000ab400000, 0x00000000d5d80000)
  object space 684032K, 74% used [0x0000000081800000,0x00000000a0b00a18,0x00000000ab400000)
 Metaspace       used 5935K, capacity 6158K, committed 6400K, reserved 1056768K
  class space    used 660K, capacity 711K, committed 768K, reserved 1048576K
}
Event: 17.875 GC heap before
{Heap before GC invocations=18 (full 4):
 PSYoungGen      total 374784K, used 374770K [0x00000000d5d80000, 0x00000000fcd80000, 0x0000000100000000)
  eden space 144896K, 100% used [0x00000000d5d80000,0x00000000deb00000,0x00000000deb00000)
  from space 229888K, 99% used [0x00000000deb00000,0x00000000ecb7c988,0x00000000ecb80000)
  to   space 229888K, 0% used [0x00000000eed00000,0x00000000eed00000,0x00000000fcd80000)
 ParOldGen       total 684032K, used 510978K [0x0000000081800000, 0x00000000ab400000, 0x00000000d5d80000)
  object space 684032K, 74% used [0x0000000081800000,0x00000000a0b00a18,0x00000000ab400000)
 Metaspace       used 8357K, capacity 8595K, committed 8960K, reserved 1056768K
  class space    used 858K, capacity 911K, committed 1024K, reserved 1048576K
Event: 18.148 GC heap after
Heap after GC invocations=18 (full 4):
 PSYoungGen      total 404992K, used 228508K [0x00000000d5d80000, 0x00000000fcc80000, 0x0000000100000000)
  eden space 176128K, 0% used [0x00000000d5d80000,0x00000000d5d80000,0x00000000e0980000)
  from space 228864K, 99% used [0x00000000eed00000,0x00000000fcc271b0,0x00000000fcc80000)
  to   space 229888K, 0% used [0x00000000e0b80000,0x00000000e0b80000,0x00000000eec00000)
 ParOldGen       total 684032K, used 532386K [0x0000000081800000, 0x00000000ab400000, 0x00000000d5d80000)
  object space 684032K, 77% used [0x0000000081800000,0x00000000a1fe8a90,0x00000000ab400000)
 Metaspace       used 8357K, capacity 8595K, committed 8960K, reserved 1056768K
  class space    used 858K, capacity 911K, committed 1024K, reserved 1048576K
}
Event: 19.511 GC heap before
{Heap before GC invocations=19 (full 4):
 PSYoungGen      total 404992K, used 404636K [0x00000000d5d80000, 0x00000000fcc80000, 0x0000000100000000)
  eden space 176128K, 100% used [0x00000000d5d80000,0x00000000e0980000,0x00000000e0980000)
  from space 228864K, 99% used [0x00000000eed00000,0x00000000fcc271b0,0x00000000fcc80000)
  to   space 229888K, 0% used [0x00000000e0b80000,0x00000000e0b80000,0x00000000eec00000)
 ParOldGen       total 684032K, used 532386K [0x0000000081800000, 0x00000000ab400000, 0x00000000d5d80000)
  object space 684032K, 77% used [0x0000000081800000,0x00000000a1fe8a90,0x00000000ab400000)
 Metaspace       used 8413K, capacity 8595K, committed 8960K, reserved 1056768K
  class space    used 859K, capacity 911K, committed 1024K, reserved 1048576K
Event: 19.955 GC heap after
Heap after GC invocations=19 (full 4):
 PSYoungGen      total 408064K, used 114168K [0x00000000d5d80000, 0x00000000fef80000, 0x0000000100000000)
  eden space 178176K, 0% used [0x00000000d5d80000,0x00000000d5d80000,0x00000000e0b80000)
  from space 229888K, 49% used [0x00000000e0b80000,0x00000000e7afe1f0,0x00000000eec00000)
  to   space 229888K, 0% used [0x00000000f0f00000,0x00000000f0f00000,0x00000000fef80000)
 ParOldGen       total 684032K, used 645351K [0x0000000081800000, 0x00000000ab400000, 0x00000000d5d80000)
  object space 684032K, 94% used [0x0000000081800000,0x00000000a8e39f10,0x00000000ab400000)
 Metaspace       used 8413K, capacity 8595K, committed 8960K, reserved 1056768K
  class space    used 859K, capacity 911K, committed 1024K, reserved 1048576K
}
Event: 19.955 GC heap before
{Heap before GC invocations=20 (full 5):
 PSYoungGen      total 408064K, used 114168K [0x00000000d5d80000, 0x00000000fef80000, 0x0000000100000000)
  eden space 178176K, 0% used [0x00000000d5d80000,0x00000000d5d80000,0x00000000e0b80000)
  from space 229888K, 49% used [0x00000000e0b80000,0x00000000e7afe1f0,0x00000000eec00000)
  to   space 229888K, 0% used [0x00000000f0f00000,0x00000000f0f00000,0x00000000fef80000)
 ParOldGen       total 684032K, used 645351K [0x0000000081800000, 0x00000000ab400000, 0x00000000d5d80000)
  object space 684032K, 94% used [0x0000000081800000,0x00000000a8e39f10,0x00000000ab400000)
 Metaspace       used 8413K, capacity 8595K, committed 8960K, reserved 1056768K
  class space    used 859K, capacity 911K, committed 1024K, reserved 1048576K
Event: 22.712 GC heap after
Heap after GC invocations=20 (full 5):
 PSYoungGen      total 408064K, used 0K [0x00000000d5d80000, 0x00000000fef80000, 0x0000000100000000)
  eden space 178176K, 0% used [0x00000000d5d80000,0x00000000d5d80000,0x00000000e0b80000)
  from space 229888K, 0% used [0x00000000e0b80000,0x00000000e0b80000,0x00000000eec00000)
  to   space 229888K, 0% used [0x00000000f0f00000,0x00000000f0f00000,0x00000000fef80000)
 ParOldGen       total 965632K, used 631486K [0x0000000081800000, 0x00000000bc700000, 0x00000000d5d80000)
  object space 965632K, 65% used [0x0000000081800000,0x00000000a80afb40,0x00000000bc700000)
 Metaspace       used 8413K, capacity 8595K, committed 8960K, reserved 1056768K
  class space    used 859K, capacity 911K, committed 1024K, reserved 1048576K
}
Event: 24.940 GC heap before
{Heap before GC invocations=21 (full 5):
 PSYoungGen      total 408064K, used 178176K [0x00000000d5d80000, 0x00000000fef80000, 0x0000000100000000)
  eden space 178176K, 100% used [0x00000000d5d80000,0x00000000e0b80000,0x00000000e0b80000)
  from space 229888K, 0% used [0x00000000e0b80000,0x00000000e0b80000,0x00000000eec00000)
  to   space 229888K, 0% used [0x00000000f0f00000,0x00000000f0f00000,0x00000000fef80000)
 ParOldGen       total 965632K, used 631486K [0x0000000081800000, 0x00000000bc700000, 0x00000000d5d80000)
  object space 965632K, 65% used [0x0000000081800000,0x00000000a80afb40,0x00000000bc700000)
 Metaspace       used 8439K, capacity 8659K, committed 8960K, reserved 1056768K
  class space    used 859K, capacity 911K, committed 1024K, reserved 1048576K
Event: 24.973 GC heap after
Heap after GC invocations=21 (full 5):
 PSYoungGen      total 440832K, used 912K [0x00000000d5d80000, 0x00000000fee00000, 0x0000000100000000)
  eden space 212480K, 0% used [0x00000000d5d80000,0x00000000d5d80000,0x00000000e2d00000)
  from space 228352K, 0% used [0x00000000f0f00000,0x00000000f0fe4010,0x00000000fee00000)
  to   space 229888K, 0% used [0x00000000e2d00000,0x00000000e2d00000,0x00000000f0d80000)
 ParOldGen       total 965632K, used 631486K [0x0000000081800000, 0x00000000bc700000, 0x00000000d5d80000)
  object space 965632K, 65% used [0x0000000081800000,0x00000000a80afb40,0x00000000bc700000)
 Metaspace       used 8439K, capacity 8659K, committed 8960K, reserved 1056768K
  class space    used 859K, capacity 911K, committed 1024K, reserved 1048576K
}

